{"level":"error","message":"Error connecting DB :  SASL: SCRAM-SERVER-FIRST-MESSAGE: client password must be a string","stack":"Error: SASL: SCRAM-SERVER-FIRST-MESSAGE: client password must be a string\n    at Object.continueSession (D:\\VS_Code\\Practice Node JS\\todo-app\\node_modules\\pg\\lib\\crypto\\sasl.js:24:11)\n    at Client._handleAuthSASLContinue (D:\\VS_Code\\Practice Node JS\\todo-app\\node_modules\\pg\\lib\\client.js:271:18)\n    at Connection.emit (node:events:519:28)\n    at D:\\VS_Code\\Practice Node JS\\todo-app\\node_modules\\pg\\lib\\connection.js:116:12\n    at Parser.parse (D:\\VS_Code\\Practice Node JS\\todo-app\\node_modules\\pg-protocol\\src\\parser.ts:103:9)\n    at Socket.<anonymous> (D:\\VS_Code\\Practice Node JS\\todo-app\\node_modules\\pg-protocol\\src\\index.ts:7:48)\n    at Socket.emit (node:events:519:28)\n    at addChunk (node:internal/streams/readable:559:12)\n    at readableAddChunkPushByteMode (node:internal/streams/readable:510:3)\n    at Readable.push (node:internal/streams/readable:390:5)","timestamp":"2024-10-14T04:30:36.304Z"}
{"level":"info","message":"Server is running on port undefined","timestamp":"2024-10-14T04:48:51.747Z"}
{"level":"error","message":"Error connecting DB :  SASL: SCRAM-SERVER-FIRST-MESSAGE: client password must be a string","stack":"Error: SASL: SCRAM-SERVER-FIRST-MESSAGE: client password must be a string\n    at Object.continueSession (D:\\VS_Code\\Practice Node JS\\todo-app\\node_modules\\pg\\lib\\crypto\\sasl.js:24:11)\n    at Client._handleAuthSASLContinue (D:\\VS_Code\\Practice Node JS\\todo-app\\node_modules\\pg\\lib\\client.js:271:18)\n    at Connection.emit (node:events:519:28)\n    at Connection.emit (node:domain:488:12)\n    at D:\\VS_Code\\Practice Node JS\\todo-app\\node_modules\\pg\\lib\\connection.js:116:12\n    at Parser.parse (D:\\VS_Code\\Practice Node JS\\todo-app\\node_modules\\pg-protocol\\src\\parser.ts:103:9)\n    at Socket.<anonymous> (D:\\VS_Code\\Practice Node JS\\todo-app\\node_modules\\pg-protocol\\src\\index.ts:7:48)\n    at Socket.emit (node:events:519:28)\n    at Socket.emit (node:domain:488:12)\n    at addChunk (node:internal/streams/readable:559:12)","timestamp":"2024-10-14T04:48:51.935Z"}
{"level":"info","message":"Server is running on port 8000","timestamp":"2024-10-14T04:49:33.887Z"}
{"level":"info","message":"Postgress Client is Connected Successfully","timestamp":"2024-10-14T04:49:34.318Z"}
{"level":"info","message":"Postgress Client is Connected Successfully","timestamp":"2024-10-14T04:49:47.015Z"}
{"level":"info","message":"Server is running on port 8000","timestamp":"2024-10-14T04:52:05.904Z"}
{"code":"3D000","file":"postinit.c","length":90,"level":"error","line":"1033","message":"Error connecting DB :  database \"todo\" does not exist","name":"error","routine":"InitPostgres","severity":"FATAL","stack":"error: database \"todo\" does not exist\n    at Parser.parseErrorMessage (D:\\VS_Code\\Practice Node JS\\todo-app\\node_modules\\pg-protocol\\src\\parser.ts:368:69)\n    at Parser.handlePacket (D:\\VS_Code\\Practice Node JS\\todo-app\\node_modules\\pg-protocol\\src\\parser.ts:187:21)\n    at Parser.parse (D:\\VS_Code\\Practice Node JS\\todo-app\\node_modules\\pg-protocol\\src\\parser.ts:102:30)\n    at Socket.<anonymous> (D:\\VS_Code\\Practice Node JS\\todo-app\\node_modules\\pg-protocol\\src\\index.ts:7:48)\n    at Socket.emit (node:events:519:28)\n    at Socket.emit (node:domain:488:12)\n    at addChunk (node:internal/streams/readable:559:12)\n    at readableAddChunkPushByteMode (node:internal/streams/readable:510:3)\n    at Socket.Readable.push (node:internal/streams/readable:390:5)\n    at TCP.onStreamRead (node:internal/stream_base_commons:191:23)","timestamp":"2024-10-14T04:52:05.953Z"}
{"code":"3D000","file":"postinit.c","length":90,"level":"error","line":"1033","message":"Error connecting DB :  database \"todo\" does not exist","name":"error","routine":"InitPostgres","severity":"FATAL","stack":"error: database \"todo\" does not exist\n    at Parser.parseErrorMessage (D:\\VS_Code\\Practice Node JS\\todo-app\\node_modules\\pg-protocol\\src\\parser.ts:368:69)\n    at Parser.handlePacket (D:\\VS_Code\\Practice Node JS\\todo-app\\node_modules\\pg-protocol\\src\\parser.ts:187:21)\n    at Parser.parse (D:\\VS_Code\\Practice Node JS\\todo-app\\node_modules\\pg-protocol\\src\\parser.ts:102:30)\n    at Socket.<anonymous> (D:\\VS_Code\\Practice Node JS\\todo-app\\node_modules\\pg-protocol\\src\\index.ts:7:48)\n    at Socket.emit (node:events:519:28)\n    at addChunk (node:internal/streams/readable:559:12)\n    at readableAddChunkPushByteMode (node:internal/streams/readable:510:3)\n    at Readable.push (node:internal/streams/readable:390:5)\n    at TCP.onStreamRead (node:internal/stream_base_commons:191:23)","timestamp":"2024-10-14T04:52:16.759Z"}
{"level":"info","message":"Server is running on port 8000","timestamp":"2024-10-14T04:55:38.608Z"}
{"level":"info","message":"Postgress Client is Connected Successfully","timestamp":"2024-10-14T04:55:38.666Z"}
{"level":"info","message":"Postgress Client is Connected Successfully","timestamp":"2024-10-14T04:55:51.436Z"}
{"level":"info","message":"Postgress Client is Connected Successfully","timestamp":"2024-10-14T04:56:00.173Z"}
{"level":"info","message":"Server is running on port 8000","timestamp":"2024-10-14T04:56:50.901Z"}
{"level":"info","message":"Postgress Client is Connected Successfully","timestamp":"2024-10-14T04:56:50.958Z"}
{"level":"info","message":"Postgress Client is Connected Successfully","timestamp":"2024-10-14T04:57:34.034Z"}
{"level":"info","message":"Server is running on port 8000","timestamp":"2024-10-14T04:57:35.131Z"}
{"level":"info","message":"Postgress Client is Connected Successfully","timestamp":"2024-10-14T04:57:35.174Z"}
{"level":"info","message":"Server is running on port 8000","timestamp":"2024-10-14T06:57:30.974Z"}
{"level":"info","message":"Postgress Client is Connected Successfully","timestamp":"2024-10-14T06:57:31.077Z"}
{"level":"info","message":"Server is running on port 8000","timestamp":"2024-10-14T07:04:37.867Z"}
{"level":"info","message":"Postgress Client is Connected Successfully","timestamp":"2024-10-14T07:04:37.912Z"}
{"level":"info","message":"Server is running on port 8000","timestamp":"2024-10-14T07:04:46.739Z"}
{"level":"info","message":"Postgress Client is Connected Successfully","timestamp":"2024-10-14T07:04:46.886Z"}
{"level":"info","message":"Server is running on port 8000","timestamp":"2024-10-14T07:06:43.837Z"}
{"level":"info","message":"Postgress Client is Connected Successfully","timestamp":"2024-10-14T07:06:43.884Z"}
{"level":"info","message":"Server is running on port 8000","timestamp":"2024-10-14T07:06:52.777Z"}
{"level":"info","message":"Postgress Client is Connected Successfully","timestamp":"2024-10-14T07:06:52.821Z"}
{"level":"info","message":"Server is running on port 8000","timestamp":"2024-10-14T07:07:11.158Z"}
{"level":"info","message":"Postgress Client is Connected Successfully","timestamp":"2024-10-14T07:07:11.229Z"}
{"level":"info","message":"Server is running on port 8000","timestamp":"2024-10-14T07:09:31.498Z"}
{"level":"info","message":"Postgress Client is Connected Successfully","timestamp":"2024-10-14T07:09:31.578Z"}
{"level":"info","message":"Server is running on port 8000","timestamp":"2024-10-14T07:14:19.158Z"}
{"level":"info","message":"Postgress Client is Connected Successfully","timestamp":"2024-10-14T07:14:19.316Z"}
{"level":"info","message":"Server is running on port 8000","timestamp":"2024-10-14T07:33:44.939Z"}
{"level":"info","message":"Postgress Client is Connected Successfully","timestamp":"2024-10-14T07:33:45.034Z"}
{"level":"info","message":"Server is running on port 8000","timestamp":"2024-10-14T07:39:15.966Z"}
{"level":"info","message":"Postgress Client is Connected Successfully","timestamp":"2024-10-14T07:39:16.010Z"}
{"level":"info","message":"Server is running on port 8000","timestamp":"2024-10-14T07:52:42.630Z"}
{"level":"info","message":"Postgress Client is Connected Successfully","timestamp":"2024-10-14T07:52:42.680Z"}
{"level":"info","message":"Server is running on port 8000","timestamp":"2024-10-14T07:56:41.320Z"}
{"level":"info","message":"Postgress Client is Connected Successfully","timestamp":"2024-10-14T07:56:41.371Z"}
{"level":"info","message":"Server is running on port 8000","timestamp":"2024-10-14T07:57:03.011Z"}
{"level":"info","message":"Postgress Client is Connected Successfully","timestamp":"2024-10-14T07:57:03.056Z"}
{"level":"info","message":"Server is running on port 8000","timestamp":"2024-10-14T07:58:59.268Z"}
{"level":"info","message":"Postgress Client is Connected Successfully","timestamp":"2024-10-14T07:58:59.313Z"}
{"level":"info","message":"Server is running on port 8000","timestamp":"2024-10-14T07:59:55.565Z"}
{"level":"info","message":"Postgress Client is Connected Successfully","timestamp":"2024-10-14T07:59:55.611Z"}
{"level":"info","message":"Server is running on port 8000","timestamp":"2024-10-14T08:00:16.150Z"}
{"level":"info","message":"Postgress Client is Connected Successfully","timestamp":"2024-10-14T08:00:16.245Z"}
{"level":"info","message":"Server is running on port 8000","timestamp":"2024-10-14T08:00:32.069Z"}
{"level":"info","message":"Postgress Client is Connected Successfully","timestamp":"2024-10-14T08:00:32.113Z"}
{"level":"info","message":"Server is running on port 8000","timestamp":"2024-10-14T08:02:16.226Z"}
{"level":"info","message":"Postgress Client is Connected Successfully","timestamp":"2024-10-14T08:02:16.273Z"}
{"level":"info","message":"Server is running on port 8000","timestamp":"2024-10-14T08:02:35.377Z"}
{"level":"info","message":"Postgress Client is Connected Successfully","timestamp":"2024-10-14T08:02:35.548Z"}
{"level":"info","message":"Server is running on port 8000","timestamp":"2024-10-14T08:15:01.210Z"}
{"level":"info","message":"Postgress Client is Connected Successfully","timestamp":"2024-10-14T08:15:01.256Z"}
{"level":"info","message":"Server is running on port 8000","timestamp":"2024-10-14T08:15:08.128Z"}
{"level":"info","message":"Postgress Client is Connected Successfully","timestamp":"2024-10-14T08:15:08.172Z"}
{"level":"info","message":"Server is running on port 8000","timestamp":"2024-10-14T08:15:31.176Z"}
{"level":"info","message":"Postgress Client is Connected Successfully","timestamp":"2024-10-14T08:15:31.227Z"}
{"level":"info","message":"Server is running on port 8000","timestamp":"2024-10-14T08:15:35.942Z"}
{"level":"info","message":"Postgress Client is Connected Successfully","timestamp":"2024-10-14T08:15:36.001Z"}
{"level":"info","message":"Server is running on port 8000","timestamp":"2024-10-14T08:15:51.202Z"}
{"level":"info","message":"Postgress Client is Connected Successfully","timestamp":"2024-10-14T08:15:51.256Z"}
{"level":"info","message":"Server is running on port 8000","timestamp":"2024-10-14T08:16:25.317Z"}
{"level":"info","message":"Postgress Client is Connected Successfully","timestamp":"2024-10-14T08:16:25.374Z"}
{"level":"info","message":"Server is running on port 8000","timestamp":"2024-10-14T08:36:49.074Z"}
{"level":"info","message":"Postgress Client is Connected Successfully","timestamp":"2024-10-14T08:36:49.120Z"}
{"level":"info","message":"Server is running on port 8000","timestamp":"2024-10-14T08:44:13.657Z"}
{"level":"info","message":"Postgress Client is Connected Successfully","timestamp":"2024-10-14T08:44:13.840Z"}
{"level":"info","message":"Postgress Client is Connected Successfully","timestamp":"2024-10-14T08:44:18.969Z"}
{"level":"info","message":"Server is running on port 8000","timestamp":"2024-10-14T12:29:22.531Z"}
{"level":"info","message":"Postgress Client is Connected Successfully","timestamp":"2024-10-14T12:29:22.614Z"}
{"level":"info","message":"Server is running on port 8000","timestamp":"2024-10-14T12:34:34.060Z"}
{"level":"info","message":"Postgress Client is Connected Successfully","timestamp":"2024-10-14T12:34:34.110Z"}
{"level":"info","message":"Server is running on port 8000","timestamp":"2024-10-14T13:04:33.879Z"}
{"level":"info","message":"Postgress Client is Connected Successfully","timestamp":"2024-10-14T13:04:33.925Z"}
{"level":"info","message":"Server is running on port 8000","timestamp":"2024-10-14T13:04:46.413Z"}
{"level":"info","message":"Postgress Client is Connected Successfully","timestamp":"2024-10-14T13:04:46.460Z"}
{"level":"info","message":"Server is running on port 8000","timestamp":"2024-10-14T13:05:36.344Z"}
{"level":"info","message":"Postgress Client is Connected Successfully","timestamp":"2024-10-14T13:05:36.424Z"}
{"level":"info","message":"Server is running on port 8000","timestamp":"2024-10-14T13:06:06.217Z"}
{"level":"info","message":"Postgress Client is Connected Successfully","timestamp":"2024-10-14T13:06:06.274Z"}
{"level":"info","message":"Server is running on port 8000","timestamp":"2024-10-14T13:06:49.526Z"}
{"level":"info","message":"Postgress Client is Connected Successfully","timestamp":"2024-10-14T13:06:49.628Z"}
{"level":"info","message":"Server is running on port 8000","timestamp":"2024-10-14T13:07:27.086Z"}
{"level":"info","message":"Postgress Client is Connected Successfully","timestamp":"2024-10-14T13:07:27.151Z"}
